<?xml version="1.0" encoding="UTF-8"?>
<!-- Generated by org.testng.reporters.JUnitReportReporter -->
<testsuite skipped="0" hostname="WKWIN1726912" name="test.Demo2" tests="3" failures="0" timestamp="03 Oct 2019 07:39:37 GMT" time="0.004" errors="0">
  <testcase name="method3" time="0.002" classname="test.Demo2"/>
  <testcase name="method3" time="0.001" classname="test.Demo2"/>
  <testcase name="method3" time="0.001" classname="test.Demo2"/>
</testsuite> <!-- test.Demo2 -->
