<?xml version="1.0" encoding="UTF-8"?>
<!-- Generated by org.testng.reporters.JUnitReportReporter -->
<testsuite skipped="0" hostname="WKWIN1726912" name="test.Demo3" tests="1" failures="0" timestamp="03 Oct 2019 07:39:37 GMT" time="0.009" errors="0">
  <testcase name="webloginCar" time="0.009" classname="test.Demo3"/>
</testsuite> <!-- test.Demo3 -->
